2024-11-05 14:04:08 - Starting AiwebApplication using Java 23.0.1 with PID 18008 (F:\project\aiweb\target\classes started by ljt in F:\project\aiweb)
2024-11-05 14:04:08 - No active profile set, falling back to 1 default profile: "default"
2024-11-05 14:04:09 - Multiple Spring Data modules found, entering strict repository configuration mode
2024-11-05 14:04:09 - Bootstrapping Spring Data Redis repositories in DEFAULT mode.
2024-11-05 14:04:09 - Finished Spring Data repository scanning in 10 ms. Found 0 Redis repository interfaces.
2024-11-05 14:04:11 - Tomcat initialized with port 8080 (http)
2024-11-05 14:04:11 - Initializing ProtocolHandler ["http-nio-8080"]
2024-11-05 14:04:11 - Starting service [Tomcat]
2024-11-05 14:04:11 - Starting Servlet engine: [Apache Tomcat/10.1.30]
2024-11-05 14:04:11 - Initializing Spring embedded WebApplicationContext
2024-11-05 14:04:11 - Root WebApplicationContext: initialization completed in 2534 ms
2024-11-05 14:04:13 - Starting ProtocolHandler ["http-nio-8080"]
2024-11-05 14:04:13 - Tomcat started on port 8080 (http) with context path '/'
2024-11-05 14:04:13 - Started AiwebApplication in 5.241 seconds (process running for 5.934)
2024-11-05 14:05:35 - Initializing Spring DispatcherServlet 'dispatcherServlet'
2024-11-05 14:05:35 - Initializing Servlet 'dispatcherServlet'
2024-11-05 14:05:35 - Completed initialization in 1 ms
2024-11-05 14:05:36 - HikariPool-1 - Starting...
2024-11-05 14:05:38 - HikariPool-1 - Added connection com.mysql.cj.jdbc.ConnectionImpl@3f37f4ec
2024-11-05 14:05:38 - HikariPool-1 - Start completed.
2024-11-05 14:05:39 - Method list executed in 2831 ms
2024-11-05 14:06:36 - HikariPool-1 - Shutdown initiated...
2024-11-05 14:06:36 - HikariPool-1 - Shutdown completed.
